Start testing: Mar 27 15:19 CST
----------------------------------------------------------
1/5 Testing: test_gripper_kinematics
1/5 Test: test_gripper_kinematics
Command: "/home/franka/Documents/Rhino_Control/.pixi/envs/default/bin/python3" "-u" "/home/franka/Documents/Rhino_Control/.pixi/envs/default/share/ament_cmake_test/cmake/run_test.py" "/home/franka/Documents/Rhino_Control/dm_gripper_ros2/build/dm_gripper_core/test_results/dm_gripper_core/test_gripper_kinematics.gtest.xml" "--package-name" "dm_gripper_core" "--output-file" "/home/franka/Documents/Rhino_Control/dm_gripper_ros2/build/dm_gripper_core/ament_cmake_gtest/test_gripper_kinematics.txt" "--command" "/home/franka/Documents/Rhino_Control/dm_gripper_ros2/build/dm_gripper_core/test_gripper_kinematics" "--gtest_output=xml:/home/franka/Documents/Rhino_Control/dm_gripper_ros2/build/dm_gripper_core/test_results/dm_gripper_core/test_gripper_kinematics.gtest.xml"
Directory: /home/franka/Documents/Rhino_Control/dm_gripper_ros2/build/dm_gripper_core
"test_gripper_kinematics" start time: Mar 27 15:19 CST
Output:
----------------------------------------------------------
-- run_test.py: invoking following command in '/home/franka/Documents/Rhino_Control/dm_gripper_ros2/build/dm_gripper_core':
 - /home/franka/Documents/Rhino_Control/dm_gripper_ros2/build/dm_gripper_core/test_gripper_kinematics --gtest_output=xml:/home/franka/Documents/Rhino_Control/dm_gripper_ros2/build/dm_gripper_core/test_results/dm_gripper_core/test_gripper_kinematics.gtest.xml
Running main() from /home/franka/Documents/Rhino_Control/.pixi/envs/default/src/gtest_vendor/src/gtest_main.cc
[==========] Running 6 tests from 1 test suite.
[----------] Global test environment set-up.
[----------] 6 tests from GripperKinematics
[ RUN      ] GripperKinematics.WidthRangeValid
[       OK ] GripperKinematics.WidthRangeValid (0 ms)
[ RUN      ] GripperKinematics.RoundTrip
[       OK ] GripperKinematics.RoundTrip (0 ms)
[ RUN      ] GripperKinematics.ZeroIsZero
[       OK ] GripperKinematics.ZeroIsZero (0 ms)
[ RUN      ] GripperKinematics.BoundaryNoCrash
[       OK ] GripperKinematics.BoundaryNoCrash (0 ms)
[ RUN      ] GripperKinematics.TorqueToForce
[       OK ] GripperKinematics.TorqueToForce (0 ms)
[ RUN      ] GripperKinematics.InvalidParamThrows
[       OK ] GripperKinematics.InvalidParamThrows (0 ms)
[----------] 6 tests from GripperKinematics (0 ms total)

[----------] Global test environment tear-down
[==========] 6 tests from 1 test suite ran. (0 ms total)
[  PASSED  ] 6 tests.
-- run_test.py: return code 0
-- run_test.py: inject classname prefix into gtest result file '/home/franka/Documents/Rhino_Control/dm_gripper_ros2/build/dm_gripper_core/test_results/dm_gripper_core/test_gripper_kinematics.gtest.xml'
-- run_test.py: verify result file '/home/franka/Documents/Rhino_Control/dm_gripper_ros2/build/dm_gripper_core/test_results/dm_gripper_core/test_gripper_kinematics.gtest.xml'
<end of output>
Test time =   0.06 sec
----------------------------------------------------------
Test Passed.
"test_gripper_kinematics" end time: Mar 27 15:19 CST
"test_gripper_kinematics" time elapsed: 00:00:00
----------------------------------------------------------

2/5 Testing: test_contact_detector
2/5 Test: test_contact_detector
Command: "/home/franka/Documents/Rhino_Control/.pixi/envs/default/bin/python3" "-u" "/home/franka/Documents/Rhino_Control/.pixi/envs/default/share/ament_cmake_test/cmake/run_test.py" "/home/franka/Documents/Rhino_Control/dm_gripper_ros2/build/dm_gripper_core/test_results/dm_gripper_core/test_contact_detector.gtest.xml" "--package-name" "dm_gripper_core" "--output-file" "/home/franka/Documents/Rhino_Control/dm_gripper_ros2/build/dm_gripper_core/ament_cmake_gtest/test_contact_detector.txt" "--command" "/home/franka/Documents/Rhino_Control/dm_gripper_ros2/build/dm_gripper_core/test_contact_detector" "--gtest_output=xml:/home/franka/Documents/Rhino_Control/dm_gripper_ros2/build/dm_gripper_core/test_results/dm_gripper_core/test_contact_detector.gtest.xml"
Directory: /home/franka/Documents/Rhino_Control/dm_gripper_ros2/build/dm_gripper_core
"test_contact_detector" start time: Mar 27 15:19 CST
Output:
----------------------------------------------------------
-- run_test.py: invoking following command in '/home/franka/Documents/Rhino_Control/dm_gripper_ros2/build/dm_gripper_core':
 - /home/franka/Documents/Rhino_Control/dm_gripper_ros2/build/dm_gripper_core/test_contact_detector --gtest_output=xml:/home/franka/Documents/Rhino_Control/dm_gripper_ros2/build/dm_gripper_core/test_results/dm_gripper_core/test_contact_detector.gtest.xml
Running main() from /home/franka/Documents/Rhino_Control/.pixi/envs/default/src/gtest_vendor/src/gtest_main.cc
[==========] Running 8 tests from 1 test suite.
[----------] Global test environment set-up.
[----------] 8 tests from ContactDetector
[ RUN      ] ContactDetector.InitialNoContact
[       OK ] ContactDetector.InitialNoContact (0 ms)
[ RUN      ] ContactDetector.TauTrigger
[       OK ] ContactDetector.TauTrigger (0 ms)
[ RUN      ] ContactDetector.NoTriggerBelowThreshold
[       OK ] ContactDetector.NoTriggerBelowThreshold (0 ms)
[ RUN      ] ContactDetector.PosTriggerWhenStuck
[       OK ] ContactDetector.PosTriggerWhenStuck (0 ms)
[ RUN      ] ContactDetector.NoPosIfConverging
[       OK ] ContactDetector.NoPosIfConverging (0 ms)
[ RUN      ] ContactDetector.BothTrigger
[       OK ] ContactDetector.BothTrigger (0 ms)
[ RUN      ] ContactDetector.ResetClearsState
[       OK ] ContactDetector.ResetClearsState (0 ms)
[ RUN      ] ContactDetector.SmallQErrorNoPosTrigger
[       OK ] ContactDetector.SmallQErrorNoPosTrigger (0 ms)
[----------] 8 tests from ContactDetector (0 ms total)

[----------] Global test environment tear-down
[==========] 8 tests from 1 test suite ran. (0 ms total)
[  PASSED  ] 8 tests.
-- run_test.py: return code 0
-- run_test.py: inject classname prefix into gtest result file '/home/franka/Documents/Rhino_Control/dm_gripper_ros2/build/dm_gripper_core/test_results/dm_gripper_core/test_contact_detector.gtest.xml'
-- run_test.py: verify result file '/home/franka/Documents/Rhino_Control/dm_gripper_ros2/build/dm_gripper_core/test_results/dm_gripper_core/test_contact_detector.gtest.xml'
<end of output>
Test time =   0.05 sec
----------------------------------------------------------
Test Passed.
"test_contact_detector" end time: Mar 27 15:19 CST
"test_contact_detector" time elapsed: 00:00:00
----------------------------------------------------------

3/5 Testing: test_gripper_state_machine
3/5 Test: test_gripper_state_machine
Command: "/home/franka/Documents/Rhino_Control/.pixi/envs/default/bin/python3" "-u" "/home/franka/Documents/Rhino_Control/.pixi/envs/default/share/ament_cmake_test/cmake/run_test.py" "/home/franka/Documents/Rhino_Control/dm_gripper_ros2/build/dm_gripper_core/test_results/dm_gripper_core/test_gripper_state_machine.gtest.xml" "--package-name" "dm_gripper_core" "--output-file" "/home/franka/Documents/Rhino_Control/dm_gripper_ros2/build/dm_gripper_core/ament_cmake_gtest/test_gripper_state_machine.txt" "--command" "/home/franka/Documents/Rhino_Control/dm_gripper_ros2/build/dm_gripper_core/test_gripper_state_machine" "--gtest_output=xml:/home/franka/Documents/Rhino_Control/dm_gripper_ros2/build/dm_gripper_core/test_results/dm_gripper_core/test_gripper_state_machine.gtest.xml"
Directory: /home/franka/Documents/Rhino_Control/dm_gripper_ros2/build/dm_gripper_core
"test_gripper_state_machine" start time: Mar 27 15:19 CST
Output:
----------------------------------------------------------
-- run_test.py: invoking following command in '/home/franka/Documents/Rhino_Control/dm_gripper_ros2/build/dm_gripper_core':
 - /home/franka/Documents/Rhino_Control/dm_gripper_ros2/build/dm_gripper_core/test_gripper_state_machine --gtest_output=xml:/home/franka/Documents/Rhino_Control/dm_gripper_ros2/build/dm_gripper_core/test_results/dm_gripper_core/test_gripper_state_machine.gtest.xml
Running main() from /home/franka/Documents/Rhino_Control/.pixi/envs/default/src/gtest_vendor/src/gtest_main.cc
[==========] Running 9 tests from 1 test suite.
[----------] Global test environment set-up.
[----------] 9 tests from GripperStateMachine
[ RUN      ] GripperStateMachine.InitialIdle
[       OK ] GripperStateMachine.InitialIdle (0 ms)
[ RUN      ] GripperStateMachine.StartGraspEntersApproaching
[       OK ] GripperStateMachine.StartGraspEntersApproaching (0 ms)
[ RUN      ] GripperStateMachine.ReleaseReturnsIdle
[       OK ] GripperStateMachine.ReleaseReturnsIdle (0 ms)
[ RUN      ] GripperStateMachine.ApproachingTimeout
[       OK ] GripperStateMachine.ApproachingTimeout (0 ms)
[ RUN      ] GripperStateMachine.TauContactTriggersContacting
[       OK ] GripperStateMachine.TauContactTriggersContacting (0 ms)
[ RUN      ] GripperStateMachine.GraspingAfterContact
[       OK ] GripperStateMachine.GraspingAfterContact (0 ms)
[ RUN      ] GripperStateMachine.OverTorqueProtection
[       OK ] GripperStateMachine.OverTorqueProtection (0 ms)
[ RUN      ] GripperStateMachine.IdleCmdKpZero
[       OK ] GripperStateMachine.IdleCmdKpZero (0 ms)
[ RUN      ] GripperStateMachine.ApproachingCmdKp30
[       OK ] GripperStateMachine.ApproachingCmdKp30 (0 ms)
[----------] 9 tests from GripperStateMachine (0 ms total)

[----------] Global test environment tear-down
[==========] 9 tests from 1 test suite ran. (0 ms total)
[  PASSED  ] 9 tests.
-- run_test.py: return code 0
-- run_test.py: inject classname prefix into gtest result file '/home/franka/Documents/Rhino_Control/dm_gripper_ros2/build/dm_gripper_core/test_results/dm_gripper_core/test_gripper_state_machine.gtest.xml'
-- run_test.py: verify result file '/home/franka/Documents/Rhino_Control/dm_gripper_ros2/build/dm_gripper_core/test_results/dm_gripper_core/test_gripper_state_machine.gtest.xml'
<end of output>
Test time =   0.05 sec
----------------------------------------------------------
Test Passed.
"test_gripper_state_machine" end time: Mar 27 15:19 CST
"test_gripper_state_machine" time elapsed: 00:00:00
----------------------------------------------------------

4/5 Testing: test_impedance_controller
4/5 Test: test_impedance_controller
Command: "/home/franka/Documents/Rhino_Control/.pixi/envs/default/bin/python3" "-u" "/home/franka/Documents/Rhino_Control/.pixi/envs/default/share/ament_cmake_test/cmake/run_test.py" "/home/franka/Documents/Rhino_Control/dm_gripper_ros2/build/dm_gripper_core/test_results/dm_gripper_core/test_impedance_controller.gtest.xml" "--package-name" "dm_gripper_core" "--output-file" "/home/franka/Documents/Rhino_Control/dm_gripper_ros2/build/dm_gripper_core/ament_cmake_gtest/test_impedance_controller.txt" "--command" "/home/franka/Documents/Rhino_Control/dm_gripper_ros2/build/dm_gripper_core/test_impedance_controller" "--gtest_output=xml:/home/franka/Documents/Rhino_Control/dm_gripper_ros2/build/dm_gripper_core/test_results/dm_gripper_core/test_impedance_controller.gtest.xml"
Directory: /home/franka/Documents/Rhino_Control/dm_gripper_ros2/build/dm_gripper_core
"test_impedance_controller" start time: Mar 27 15:19 CST
Output:
----------------------------------------------------------
-- run_test.py: invoking following command in '/home/franka/Documents/Rhino_Control/dm_gripper_ros2/build/dm_gripper_core':
 - /home/franka/Documents/Rhino_Control/dm_gripper_ros2/build/dm_gripper_core/test_impedance_controller --gtest_output=xml:/home/franka/Documents/Rhino_Control/dm_gripper_ros2/build/dm_gripper_core/test_results/dm_gripper_core/test_impedance_controller.gtest.xml
Running main() from /home/franka/Documents/Rhino_Control/.pixi/envs/default/src/gtest_vendor/src/gtest_main.cc
[==========] Running 6 tests from 1 test suite.
[----------] Global test environment set-up.
[----------] 6 tests from ImpedanceController
[ RUN      ] ImpedanceController.ZeroErrorZeroOutput
[       OK ] ImpedanceController.ZeroErrorZeroOutput (0 ms)
[ RUN      ] ImpedanceController.KpKdCorrect
[       OK ] ImpedanceController.KpKdCorrect (0 ms)
[ RUN      ] ImpedanceController.NoClampWhenSmallError
[       OK ] ImpedanceController.NoClampWhenSmallError (0 ms)
[ RUN      ] ImpedanceController.TauMaxRespected
[       OK ] ImpedanceController.TauMaxRespected (0 ms)
[ RUN      ] ImpedanceController.CustomTauMax
[       OK ] ImpedanceController.CustomTauMax (0 ms)
[ RUN      ] ImpedanceController.TauFFIsZero
[       OK ] ImpedanceController.TauFFIsZero (0 ms)
[----------] 6 tests from ImpedanceController (0 ms total)

[----------] Global test environment tear-down
[==========] 6 tests from 1 test suite ran. (0 ms total)
[  PASSED  ] 6 tests.
-- run_test.py: return code 0
-- run_test.py: inject classname prefix into gtest result file '/home/franka/Documents/Rhino_Control/dm_gripper_ros2/build/dm_gripper_core/test_results/dm_gripper_core/test_impedance_controller.gtest.xml'
-- run_test.py: verify result file '/home/franka/Documents/Rhino_Control/dm_gripper_ros2/build/dm_gripper_core/test_results/dm_gripper_core/test_impedance_controller.gtest.xml'
<end of output>
Test time =   0.05 sec
----------------------------------------------------------
Test Passed.
"test_impedance_controller" end time: Mar 27 15:19 CST
"test_impedance_controller" time elapsed: 00:00:00
----------------------------------------------------------

5/5 Testing: test_force_position_ctrl
5/5 Test: test_force_position_ctrl
Command: "/home/franka/Documents/Rhino_Control/.pixi/envs/default/bin/python3" "-u" "/home/franka/Documents/Rhino_Control/.pixi/envs/default/share/ament_cmake_test/cmake/run_test.py" "/home/franka/Documents/Rhino_Control/dm_gripper_ros2/build/dm_gripper_core/test_results/dm_gripper_core/test_force_position_ctrl.gtest.xml" "--package-name" "dm_gripper_core" "--output-file" "/home/franka/Documents/Rhino_Control/dm_gripper_ros2/build/dm_gripper_core/ament_cmake_gtest/test_force_position_ctrl.txt" "--command" "/home/franka/Documents/Rhino_Control/dm_gripper_ros2/build/dm_gripper_core/test_force_position_ctrl" "--gtest_output=xml:/home/franka/Documents/Rhino_Control/dm_gripper_ros2/build/dm_gripper_core/test_results/dm_gripper_core/test_force_position_ctrl.gtest.xml"
Directory: /home/franka/Documents/Rhino_Control/dm_gripper_ros2/build/dm_gripper_core
"test_force_position_ctrl" start time: Mar 27 15:19 CST
Output:
----------------------------------------------------------
-- run_test.py: invoking following command in '/home/franka/Documents/Rhino_Control/dm_gripper_ros2/build/dm_gripper_core':
 - /home/franka/Documents/Rhino_Control/dm_gripper_ros2/build/dm_gripper_core/test_force_position_ctrl --gtest_output=xml:/home/franka/Documents/Rhino_Control/dm_gripper_ros2/build/dm_gripper_core/test_results/dm_gripper_core/test_force_position_ctrl.gtest.xml
Running main() from /home/franka/Documents/Rhino_Control/.pixi/envs/default/src/gtest_vendor/src/gtest_main.cc
[==========] Running 6 tests from 1 test suite.
[----------] Global test environment set-up.
[----------] 6 tests from ForcePositionController
[ RUN      ] ForcePositionController.IdleHoldsCurrentPos
[       OK ] ForcePositionController.IdleHoldsCurrentPos (0 ms)
[ RUN      ] ForcePositionController.ApproachingTargetsGoal
[       OK ] ForcePositionController.ApproachingTargetsGoal (0 ms)
[ RUN      ] ForcePositionController.ContactingLowStiffness
[       OK ] ForcePositionController.ContactingLowStiffness (0 ms)
[ RUN      ] ForcePositionController.GraspingPureTorque
[       OK ] ForcePositionController.GraspingPureTorque (0 ms)
[ RUN      ] ForcePositionController.GraspingTauClamped
[       OK ] ForcePositionController.GraspingTauClamped (0 ms)
[ RUN      ] ForcePositionController.GraspingNegativeTauClampedZero
[       OK ] ForcePositionController.GraspingNegativeTauClampedZero (0 ms)
[----------] 6 tests from ForcePositionController (0 ms total)

[----------] Global test environment tear-down
[==========] 6 tests from 1 test suite ran. (0 ms total)
[  PASSED  ] 6 tests.
-- run_test.py: return code 0
-- run_test.py: inject classname prefix into gtest result file '/home/franka/Documents/Rhino_Control/dm_gripper_ros2/build/dm_gripper_core/test_results/dm_gripper_core/test_force_position_ctrl.gtest.xml'
-- run_test.py: verify result file '/home/franka/Documents/Rhino_Control/dm_gripper_ros2/build/dm_gripper_core/test_results/dm_gripper_core/test_force_position_ctrl.gtest.xml'
<end of output>
Test time =   0.05 sec
----------------------------------------------------------
Test Passed.
"test_force_position_ctrl" end time: Mar 27 15:19 CST
"test_force_position_ctrl" time elapsed: 00:00:00
----------------------------------------------------------

End testing: Mar 27 15:19 CST

gtest =   0.25 sec*proc

