<?xml version="1.0" encoding="UTF-8"?>
<testsuites tests="9" failures="0" disabled="0" errors="0" time="0." timestamp="2026-03-27T15:19:10.427" name="AllTests">
  <testsuite name="GripperStateMachine" tests="9" failures="0" disabled="0" skipped="0" errors="0" time="0." timestamp="2026-03-27T15:19:10.427">
    <testcase name="InitialIdle" file="/home/franka/Documents/Rhino_Control/dm_gripper_ros2/dm_gripper_core/test/test_gripper_state_machine.cpp" line="21" status="run" result="completed" time="0." timestamp="2026-03-27T15:19:10.427" classname="dm_gripper_core.GripperStateMachine" />
    <testcase name="StartGraspEntersApproaching" file="/home/franka/Documents/Rhino_Control/dm_gripper_ros2/dm_gripper_core/test/test_gripper_state_machine.cpp" line="27" status="run" result="completed" time="0." timestamp="2026-03-27T15:19:10.427" classname="dm_gripper_core.GripperStateMachine" />
    <testcase name="ReleaseReturnsIdle" file="/home/franka/Documents/Rhino_Control/dm_gripper_ros2/dm_gripper_core/test/test_gripper_state_machine.cpp" line="33" status="run" result="completed" time="0." timestamp="2026-03-27T15:19:10.427" classname="dm_gripper_core.GripperStateMachine" />
    <testcase name="ApproachingTimeout" file="/home/franka/Documents/Rhino_Control/dm_gripper_ros2/dm_gripper_core/test/test_gripper_state_machine.cpp" line="40" status="run" result="completed" time="0." timestamp="2026-03-27T15:19:10.427" classname="dm_gripper_core.GripperStateMachine" />
    <testcase name="TauContactTriggersContacting" file="/home/franka/Documents/Rhino_Control/dm_gripper_ros2/dm_gripper_core/test/test_gripper_state_machine.cpp" line="51" status="run" result="completed" time="0." timestamp="2026-03-27T15:19:10.427" classname="dm_gripper_core.GripperStateMachine" />
    <testcase name="GraspingAfterContact" file="/home/franka/Documents/Rhino_Control/dm_gripper_ros2/dm_gripper_core/test/test_gripper_state_machine.cpp" line="61" status="run" result="completed" time="0." timestamp="2026-03-27T15:19:10.427" classname="dm_gripper_core.GripperStateMachine" />
    <testcase name="OverTorqueProtection" file="/home/franka/Documents/Rhino_Control/dm_gripper_ros2/dm_gripper_core/test/test_gripper_state_machine.cpp" line="76" status="run" result="completed" time="0." timestamp="2026-03-27T15:19:10.427" classname="dm_gripper_core.GripperStateMachine" />
    <testcase name="IdleCmdKpZero" file="/home/franka/Documents/Rhino_Control/dm_gripper_ros2/dm_gripper_core/test/test_gripper_state_machine.cpp" line="91" status="run" result="completed" time="0." timestamp="2026-03-27T15:19:10.427" classname="dm_gripper_core.GripperStateMachine" />
    <testcase name="ApproachingCmdKp30" file="/home/franka/Documents/Rhino_Control/dm_gripper_ros2/dm_gripper_core/test/test_gripper_state_machine.cpp" line="99" status="run" result="completed" time="0." timestamp="2026-03-27T15:19:10.427" classname="dm_gripper_core.GripperStateMachine" />
  </testsuite>
</testsuites>
