<?xml version="1.0" encoding="UTF-8"?>
<testsuites tests="6" failures="0" disabled="0" errors="0" time="0." timestamp="2026-03-27T15:19:10.476" name="AllTests">
  <testsuite name="ImpedanceController" tests="6" failures="0" disabled="0" skipped="0" errors="0" time="0." timestamp="2026-03-27T15:19:10.476">
    <testcase name="ZeroErrorZeroOutput" file="/home/franka/Documents/Rhino_Control/dm_gripper_ros2/dm_gripper_core/test/test_impedance_controller.cpp" line="11" status="run" result="completed" time="0." timestamp="2026-03-27T15:19:10.476" classname="dm_gripper_core.ImpedanceController" />
    <testcase name="KpKdCorrect" file="/home/franka/Documents/Rhino_Control/dm_gripper_ros2/dm_gripper_core/test/test_impedance_controller.cpp" line="19" status="run" result="completed" time="0." timestamp="2026-03-27T15:19:10.476" classname="dm_gripper_core.ImpedanceController" />
    <testcase name="NoClampWhenSmallError" file="/home/franka/Documents/Rhino_Control/dm_gripper_ros2/dm_gripper_core/test/test_impedance_controller.cpp" line="28" status="run" result="completed" time="0." timestamp="2026-03-27T15:19:10.476" classname="dm_gripper_core.ImpedanceController" />
    <testcase name="TauMaxRespected" file="/home/franka/Documents/Rhino_Control/dm_gripper_ros2/dm_gripper_core/test/test_impedance_controller.cpp" line="35" status="run" result="completed" time="0." timestamp="2026-03-27T15:19:10.476" classname="dm_gripper_core.ImpedanceController" />
    <testcase name="CustomTauMax" file="/home/franka/Documents/Rhino_Control/dm_gripper_ros2/dm_gripper_core/test/test_impedance_controller.cpp" line="43" status="run" result="completed" time="0." timestamp="2026-03-27T15:19:10.476" classname="dm_gripper_core.ImpedanceController" />
    <testcase name="TauFFIsZero" file="/home/franka/Documents/Rhino_Control/dm_gripper_ros2/dm_gripper_core/test/test_impedance_controller.cpp" line="53" status="run" result="completed" time="0." timestamp="2026-03-27T15:19:10.476" classname="dm_gripper_core.ImpedanceController" />
  </testsuite>
</testsuites>
