<?xml version="1.0" encoding="UTF-8"?>
<testsuites tests="8" failures="0" disabled="0" errors="0" time="0." timestamp="2026-03-27T15:19:10.378" name="AllTests">
  <testsuite name="ContactDetector" tests="8" failures="0" disabled="0" skipped="0" errors="0" time="0." timestamp="2026-03-27T15:19:10.378">
    <testcase name="InitialNoContact" file="/home/franka/Documents/Rhino_Control/dm_gripper_ros2/dm_gripper_core/test/test_contact_detector.cpp" line="16" status="run" result="completed" time="0." timestamp="2026-03-27T15:19:10.378" classname="dm_gripper_core.ContactDetector" />
    <testcase name="TauTrigger" file="/home/franka/Documents/Rhino_Control/dm_gripper_ros2/dm_gripper_core/test/test_contact_detector.cpp" line="23" status="run" result="completed" time="0." timestamp="2026-03-27T15:19:10.378" classname="dm_gripper_core.ContactDetector" />
    <testcase name="NoTriggerBelowThreshold" file="/home/franka/Documents/Rhino_Control/dm_gripper_ros2/dm_gripper_core/test/test_contact_detector.cpp" line="31" status="run" result="completed" time="0." timestamp="2026-03-27T15:19:10.378" classname="dm_gripper_core.ContactDetector" />
    <testcase name="PosTriggerWhenStuck" file="/home/franka/Documents/Rhino_Control/dm_gripper_ros2/dm_gripper_core/test/test_contact_detector.cpp" line="38" status="run" result="completed" time="0." timestamp="2026-03-27T15:19:10.378" classname="dm_gripper_core.ContactDetector" />
    <testcase name="NoPosIfConverging" file="/home/franka/Documents/Rhino_Control/dm_gripper_ros2/dm_gripper_core/test/test_contact_detector.cpp" line="51" status="run" result="completed" time="0." timestamp="2026-03-27T15:19:10.378" classname="dm_gripper_core.ContactDetector" />
    <testcase name="BothTrigger" file="/home/franka/Documents/Rhino_Control/dm_gripper_ros2/dm_gripper_core/test/test_contact_detector.cpp" line="63" status="run" result="completed" time="0." timestamp="2026-03-27T15:19:10.378" classname="dm_gripper_core.ContactDetector" />
    <testcase name="ResetClearsState" file="/home/franka/Documents/Rhino_Control/dm_gripper_ros2/dm_gripper_core/test/test_contact_detector.cpp" line="72" status="run" result="completed" time="0." timestamp="2026-03-27T15:19:10.378" classname="dm_gripper_core.ContactDetector" />
    <testcase name="SmallQErrorNoPosTrigger" file="/home/franka/Documents/Rhino_Control/dm_gripper_ros2/dm_gripper_core/test/test_contact_detector.cpp" line="82" status="run" result="completed" time="0." timestamp="2026-03-27T15:19:10.378" classname="dm_gripper_core.ContactDetector" />
  </testsuite>
</testsuites>
