<?xml version="1.0" encoding="UTF-8"?>
<testsuites tests="6" failures="0" disabled="0" errors="0" time="0." timestamp="2026-03-27T15:19:10.322" name="AllTests">
  <testsuite name="GripperKinematics" tests="6" failures="0" disabled="0" skipped="0" errors="0" time="0." timestamp="2026-03-27T15:19:10.322">
    <testcase name="WidthRangeValid" file="/home/franka/Documents/Rhino_Control/dm_gripper_ros2/dm_gripper_core/test/test_gripper_kinematics.cpp" line="13" status="run" result="completed" time="0." timestamp="2026-03-27T15:19:10.322" classname="dm_gripper_core.GripperKinematics" />
    <testcase name="RoundTrip" file="/home/franka/Documents/Rhino_Control/dm_gripper_ros2/dm_gripper_core/test/test_gripper_kinematics.cpp" line="19" status="run" result="completed" time="0." timestamp="2026-03-27T15:19:10.322" classname="dm_gripper_core.GripperKinematics" />
    <testcase name="ZeroIsZero" file="/home/franka/Documents/Rhino_Control/dm_gripper_ros2/dm_gripper_core/test/test_gripper_kinematics.cpp" line="35" status="run" result="completed" time="0." timestamp="2026-03-27T15:19:10.322" classname="dm_gripper_core.GripperKinematics" />
    <testcase name="BoundaryNoCrash" file="/home/franka/Documents/Rhino_Control/dm_gripper_ros2/dm_gripper_core/test/test_gripper_kinematics.cpp" line="42" status="run" result="completed" time="0." timestamp="2026-03-27T15:19:10.322" classname="dm_gripper_core.GripperKinematics" />
    <testcase name="TorqueToForce" file="/home/franka/Documents/Rhino_Control/dm_gripper_ros2/dm_gripper_core/test/test_gripper_kinematics.cpp" line="51" status="run" result="completed" time="0." timestamp="2026-03-27T15:19:10.322" classname="dm_gripper_core.GripperKinematics" />
    <testcase name="InvalidParamThrows" file="/home/franka/Documents/Rhino_Control/dm_gripper_ros2/dm_gripper_core/test/test_gripper_kinematics.cpp" line="64" status="run" result="completed" time="0." timestamp="2026-03-27T15:19:10.322" classname="dm_gripper_core.GripperKinematics" />
  </testsuite>
</testsuites>
