<?xml version="1.0" encoding="UTF-8"?>
<testsuites tests="6" failures="0" disabled="0" errors="0" time="0." timestamp="2026-03-27T15:19:10.525" name="AllTests">
  <testsuite name="ForcePositionController" tests="6" failures="0" disabled="0" skipped="0" errors="0" time="0." timestamp="2026-03-27T15:19:10.525">
    <testcase name="IdleHoldsCurrentPos" file="/home/franka/Documents/Rhino_Control/dm_gripper_ros2/dm_gripper_core/test/test_force_position_controller.cpp" line="12" status="run" result="completed" time="0." timestamp="2026-03-27T15:19:10.525" classname="dm_gripper_core.ForcePositionController" />
    <testcase name="ApproachingTargetsGoal" file="/home/franka/Documents/Rhino_Control/dm_gripper_ros2/dm_gripper_core/test/test_force_position_controller.cpp" line="22" status="run" result="completed" time="0." timestamp="2026-03-27T15:19:10.525" classname="dm_gripper_core.ForcePositionController" />
    <testcase name="ContactingLowStiffness" file="/home/franka/Documents/Rhino_Control/dm_gripper_ros2/dm_gripper_core/test/test_force_position_controller.cpp" line="32" status="run" result="completed" time="0." timestamp="2026-03-27T15:19:10.525" classname="dm_gripper_core.ForcePositionController" />
    <testcase name="GraspingPureTorque" file="/home/franka/Documents/Rhino_Control/dm_gripper_ros2/dm_gripper_core/test/test_force_position_controller.cpp" line="41" status="run" result="completed" time="0." timestamp="2026-03-27T15:19:10.525" classname="dm_gripper_core.ForcePositionController" />
    <testcase name="GraspingTauClamped" file="/home/franka/Documents/Rhino_Control/dm_gripper_ros2/dm_gripper_core/test/test_force_position_controller.cpp" line="49" status="run" result="completed" time="0." timestamp="2026-03-27T15:19:10.525" classname="dm_gripper_core.ForcePositionController" />
    <testcase name="GraspingNegativeTauClampedZero" file="/home/franka/Documents/Rhino_Control/dm_gripper_ros2/dm_gripper_core/test/test_force_position_controller.cpp" line="56" status="run" result="completed" time="0." timestamp="2026-03-27T15:19:10.525" classname="dm_gripper_core.ForcePositionController" />
  </testsuite>
</testsuites>
